\BOOKMARK [1][-]{section.1}{\376\377\000E\000x\000e\000c\000u\000t\000i\000v\000e\000\040\000S\000u\000m\000m\000a\000r\000y}{}% 1
\BOOKMARK [1][-]{section.2}{\376\377\000S\000c\000o\000p\000e\000\040\000o\000f\000\040\000A\000n\000a\000l\000y\000s\000i\000s}{}% 2
\BOOKMARK [1][-]{section.3}{\376\377\000F\000i\000n\000d\000i\000n\000g\000s}{}% 3
\BOOKMARK [2][-]{subsection.3.1}{\376\377\000F\000i\000n\000d\000i\000n\000g\000\040\000\043\0001\000:\000\040\000U\000n\000a\000u\000t\000h\000o\000r\000i\000z\000e\000d\000\040\000A\000c\000c\000e\000s\000s\000\040\000A\000t\000t\000e\000m\000p\000t\000\040\000t\000o\000\040\000A\000d\000m\000i\000n\000\040\000C\000o\000n\000f\000i\000g\000u\000r\000a\000t\000i\000o\000n}{section.3}% 4
\BOOKMARK [3][-]{subsubsection.3.1.1}{\376\377\000D\000e\000s\000c\000r\000i\000p\000t\000i\000o\000n}{subsection.3.1}% 5
\BOOKMARK [3][-]{subsubsection.3.1.2}{\376\377\000A\000f\000f\000e\000c\000t\000e\000d\000\040\000S\000y\000s\000t\000e\000m\000s\000/\000U\000s\000e\000r\000s}{subsection.3.1}% 6
\BOOKMARK [3][-]{subsubsection.3.1.3}{\376\377\000T\000i\000m\000e\000s\000t\000a\000m\000p}{subsection.3.1}% 7
\BOOKMARK [3][-]{subsubsection.3.1.4}{\376\377\000S\000e\000v\000e\000r\000i\000t\000y}{subsection.3.1}% 8
\BOOKMARK [3][-]{subsubsection.3.1.5}{\376\377\000E\000v\000i\000d\000e\000n\000c\000e}{subsection.3.1}% 9
\BOOKMARK [3][-]{subsubsection.3.1.6}{\376\377\000R\000o\000o\000t\000\040\000C\000a\000u\000s\000e\000\040\000A\000n\000a\000l\000y\000s\000i\000s}{subsection.3.1}% 10
\BOOKMARK [3][-]{subsubsection.3.1.7}{\376\377\000I\000m\000p\000a\000c\000t}{subsection.3.1}% 11
\BOOKMARK [3][-]{subsubsection.3.1.8}{\376\377\000R\000e\000c\000o\000m\000m\000e\000n\000d\000a\000t\000i\000o\000n}{subsection.3.1}% 12
\BOOKMARK [2][-]{subsection.3.2}{\376\377\000F\000i\000n\000d\000i\000n\000g\000\040\000\043\0002\000:\000\040\000U\000n\000u\000s\000u\000a\000l\000\040\000R\000e\000m\000o\000t\000e\000\040\000D\000e\000s\000k\000t\000o\000p\000\040\000\050\000R\000D\000P\000\051\000\040\000A\000c\000c\000e\000s\000s\000\040\000A\000t\000t\000e\000m\000p\000t\000s}{section.3}% 13
\BOOKMARK [3][-]{subsubsection.3.2.1}{\376\377\000D\000e\000s\000c\000r\000i\000p\000t\000i\000o\000n}{subsection.3.2}% 14
\BOOKMARK [3][-]{subsubsection.3.2.2}{\376\377\000A\000f\000f\000e\000c\000t\000e\000d\000\040\000S\000y\000s\000t\000e\000m\000s\000/\000U\000s\000e\000r\000s}{subsection.3.2}% 15
\BOOKMARK [3][-]{subsubsection.3.2.3}{\376\377\000T\000i\000m\000e\000s\000t\000a\000m\000p}{subsection.3.2}% 16
\BOOKMARK [3][-]{subsubsection.3.2.4}{\376\377\000S\000e\000v\000e\000r\000i\000t\000y}{subsection.3.2}% 17
\BOOKMARK [3][-]{subsubsection.3.2.5}{\376\377\000E\000v\000i\000d\000e\000n\000c\000e}{subsection.3.2}% 18
\BOOKMARK [3][-]{subsubsection.3.2.6}{\376\377\000R\000o\000o\000t\000\040\000C\000a\000u\000s\000e\000\040\000A\000n\000a\000l\000y\000s\000i\000s}{subsection.3.2}% 19
\BOOKMARK [3][-]{subsubsection.3.2.7}{\376\377\000I\000m\000p\000a\000c\000t}{subsection.3.2}% 20
\BOOKMARK [3][-]{subsubsection.3.2.8}{\376\377\000R\000e\000c\000o\000m\000m\000e\000n\000d\000a\000t\000i\000o\000n}{subsection.3.2}% 21
\BOOKMARK [2][-]{subsection.3.3}{\376\377\000F\000i\000n\000d\000i\000n\000g\000\040\000\043\0003\000:\000\040\000S\000u\000s\000p\000i\000c\000i\000o\000u\000s\000\040\000E\000x\000t\000e\000r\000n\000a\000l\000\040\000R\000D\000P\000\040\000a\000n\000d\000\040\000S\000S\000H\000\040\000T\000r\000a\000f\000f\000i\000c}{section.3}% 22
\BOOKMARK [3][-]{subsubsection.3.3.1}{\376\377\000D\000e\000s\000c\000r\000i\000p\000t\000i\000o\000n}{subsection.3.3}% 23
\BOOKMARK [3][-]{subsubsection.3.3.2}{\376\377\000A\000f\000f\000e\000c\000t\000e\000d\000\040\000S\000y\000s\000t\000e\000m\000s\000/\000U\000s\000e\000r\000s}{subsection.3.3}% 24
\BOOKMARK [3][-]{subsubsection.3.3.3}{\376\377\000T\000i\000m\000e\000s\000t\000a\000m\000p}{subsection.3.3}% 25
\BOOKMARK [3][-]{subsubsection.3.3.4}{\376\377\000S\000e\000v\000e\000r\000i\000t\000y}{subsection.3.3}% 26
\BOOKMARK [3][-]{subsubsection.3.3.5}{\376\377\000E\000v\000i\000d\000e\000n\000c\000e}{subsection.3.3}% 27
\BOOKMARK [3][-]{subsubsection.3.3.6}{\376\377\000R\000o\000o\000t\000\040\000C\000a\000u\000s\000e\000\040\000A\000n\000a\000l\000y\000s\000i\000s}{subsection.3.3}% 28
\BOOKMARK [3][-]{subsubsection.3.3.7}{\376\377\000I\000m\000p\000a\000c\000t}{subsection.3.3}% 29
\BOOKMARK [3][-]{subsubsection.3.3.8}{\376\377\000R\000e\000c\000o\000m\000m\000e\000n\000d\000a\000t\000i\000o\000n}{subsection.3.3}% 30
\BOOKMARK [2][-]{subsection.3.4}{\376\377\000F\000i\000n\000d\000i\000n\000g\000\040\000\043\0004\000:\000\040\000R\000e\000p\000e\000a\000t\000e\000d\000\040\000U\000n\000a\000u\000t\000h\000o\000r\000i\000z\000e\000d\000\040\000A\000c\000c\000e\000s\000s\000\040\000A\000t\000t\000e\000m\000p\000t\000s\000\040\000t\000o\000\040\000S\000e\000n\000s\000i\000t\000i\000v\000e\000\040\000E\000n\000d\000p\000o\000i\000n\000t\000s}{section.3}% 31
\BOOKMARK [3][-]{subsubsection.3.4.1}{\376\377\000D\000e\000s\000c\000r\000i\000p\000t\000i\000o\000n}{subsection.3.4}% 32
\BOOKMARK [3][-]{subsubsection.3.4.2}{\376\377\000A\000f\000f\000e\000c\000t\000e\000d\000\040\000S\000y\000s\000t\000e\000m\000s\000/\000U\000s\000e\000r\000s}{subsection.3.4}% 33
\BOOKMARK [3][-]{subsubsection.3.4.3}{\376\377\000T\000i\000m\000e\000s\000t\000a\000m\000p}{subsection.3.4}% 34
\BOOKMARK [3][-]{subsubsection.3.4.4}{\376\377\000S\000e\000v\000e\000r\000i\000t\000y}{subsection.3.4}% 35
\BOOKMARK [3][-]{subsubsection.3.4.5}{\376\377\000E\000v\000i\000d\000e\000n\000c\000e}{subsection.3.4}% 36
\BOOKMARK [3][-]{subsubsection.3.4.6}{\376\377\000R\000o\000o\000t\000\040\000C\000a\000u\000s\000e\000\040\000A\000n\000a\000l\000y\000s\000i\000s}{subsection.3.4}% 37
\BOOKMARK [3][-]{subsubsection.3.4.7}{\376\377\000I\000m\000p\000a\000c\000t}{subsection.3.4}% 38
\BOOKMARK [3][-]{subsubsection.3.4.8}{\376\377\000R\000e\000c\000o\000m\000m\000e\000n\000d\000a\000t\000i\000o\000n}{subsection.3.4}% 39
\BOOKMARK [1][-]{section.4}{\376\377\000S\000u\000m\000m\000a\000r\000y\000\040\000o\000f\000\040\000F\000i\000n\000d\000i\000n\000g\000s\000\040\000a\000n\000d\000\040\000R\000e\000c\000o\000m\000m\000e\000n\000d\000a\000t\000i\000o\000n\000s}{}% 40
\BOOKMARK [1][-]{section.5}{\376\377\000N\000e\000x\000t\000\040\000S\000t\000e\000p\000s}{}% 41
\BOOKMARK [1][-]{appendix.A}{\376\377\000A\000p\000p\000e\000n\000d\000i\000x}{}% 42
\BOOKMARK [2][-]{subsection.A.1}{\376\377\000R\000a\000w\000\040\000L\000o\000g\000s}{appendix.A}% 43
\BOOKMARK [2][-]{subsection.A.2}{\376\377\000G\000l\000o\000s\000s\000a\000r\000y}{appendix.A}% 44
\BOOKMARK [1][-]{section*.2}{\376\377\000R\000e\000f\000e\000r\000e\000n\000c\000e\000s}{}% 45
