\BOOKMARK [1][-]{section.1}{\376\377\000A\000i\000m}{}% 1
\BOOKMARK [1][-]{section.2}{\376\377\000W\000i\000r\000e\000s\000h\000a\000r\000k}{}% 2
\BOOKMARK [2][-]{subsection.2.1}{\376\377\000I\000n\000s\000t\000a\000l\000l\000a\000t\000i\000o\000n}{section.2}% 3
\BOOKMARK [2][-]{subsection.2.2}{\376\377\000W\000o\000r\000k\000i\000n\000g}{section.2}% 4
\BOOKMARK [2][-]{subsection.2.3}{\376\377\000P\000r\000o\000s}{section.2}% 5
\BOOKMARK [2][-]{subsection.2.4}{\376\377\000C\000o\000n\000s}{section.2}% 6
\BOOKMARK [2][-]{subsection.2.5}{\376\377\000U\000s\000i\000n\000g\000\040\000W\000i\000r\000e\000s\000h\000a\000r\000k\000\040\000t\000o\000\040\000C\000a\000p\000t\000u\000r\000e\000\040\000P\000a\000c\000k\000e\000t\000\040\000a\000n\000d\000\040\000g\000e\000t\000\040\000p\000a\000s\000s\000w\000o\000r\000d\000\040\000d\000e\000t\000a\000i\000l\000s\000.\000\040}{section.2}% 7
\BOOKMARK [1][-]{section.3}{\376\377\000N\000m\000a\000p}{}% 8
\BOOKMARK [2][-]{subsection.3.1}{\376\377\000N\000e\000e\000d\000/\000P\000u\000r\000p\000o\000s\000e\000\040\000o\000f\000\040\000N\000m\000a\000p}{section.3}% 9
\BOOKMARK [2][-]{subsection.3.2}{\376\377\000A\000d\000v\000a\000n\000t\000a\000g\000e\000s\000\040\000o\000f\000\040\000N\000m\000a\000p}{section.3}% 10
\BOOKMARK [2][-]{subsection.3.3}{\376\377\000D\000i\000s\000a\000d\000v\000a\000n\000t\000a\000g\000e\000s\000\040\000o\000f\000\040\000N\000m\000a\000p}{section.3}% 11
\BOOKMARK [2][-]{subsection.3.4}{\376\377\000I\000m\000p\000l\000e\000m\000e\000n\000t\000a\000t\000i\000o\000n}{section.3}% 12
\BOOKMARK [2][-]{subsection.3.5}{\376\377\000G\000e\000t\000\040\000i\000p\000\040\000A\000d\000d\000r\000e\000s\000s}{section.3}% 13
\BOOKMARK [2][-]{subsection.3.6}{\376\377\000S\000c\000a\000n\000\040\0001\000\040\000p\000o\000r\000t\000,\000\040\000c\000u\000r\000r\000e\000n\000t\000\040\000I\000P}{section.3}% 14
\BOOKMARK [3][-]{subsubsection.3.6.1}{\376\377\000S\000y\000n\000t\000a\000x}{subsection.3.6}% 15
\BOOKMARK [2][-]{subsection.3.7}{\376\377\000S\000c\000a\000n\000\040\000a\000n\000y\000\040\000I\000P}{section.3}% 16
\BOOKMARK [3][-]{subsubsection.3.7.1}{\376\377\000S\000y\000n\000t\000a\000x}{subsection.3.7}% 17
\BOOKMARK [2][-]{subsection.3.8}{\376\377\000S\000c\000a\000n\000\040\000a\000\040\000r\000a\000n\000g\000e\000\040\000o\000f\000\040\000I\000P\000s}{section.3}% 18
\BOOKMARK [3][-]{subsubsection.3.8.1}{\376\377\000S\000y\000n\000t\000a\000x}{subsection.3.8}% 19
\BOOKMARK [2][-]{subsection.3.9}{\376\377\000S\000c\000a\000n\000\040\0001\000\040\000P\000o\000r\000t}{section.3}% 20
\BOOKMARK [3][-]{subsubsection.3.9.1}{\376\377\000S\000y\000n\000t\000a\000x}{subsection.3.9}% 21
\BOOKMARK [2][-]{subsection.3.10}{\376\377\000S\000c\000a\000n\000\040\000a\000\040\000r\000a\000n\000g\000e\000\040\000o\000f\000\040\000p\000o\000r\000t\000s}{section.3}% 22
\BOOKMARK [3][-]{subsubsection.3.10.1}{\376\377\000S\000y\000n\000t\000a\000x}{subsection.3.10}% 23
\BOOKMARK [2][-]{subsection.3.11}{\376\377\000F\000r\000a\000g\000m\000e\000n\000t\000e\000d\000\040\000S\000c\000a\000n}{section.3}% 24
\BOOKMARK [3][-]{subsubsection.3.11.1}{\376\377\000S\000y\000n\000t\000a\000x}{subsection.3.11}% 25
\BOOKMARK [2][-]{subsection.3.12}{\376\377\000T\000C\000P\000\040\000S\000Y\000N\000\040\000S\000c\000a\000n}{section.3}% 26
\BOOKMARK [3][-]{subsubsection.3.12.1}{\376\377\000S\000y\000n\000t\000a\000x}{subsection.3.12}% 27
\BOOKMARK [2][-]{subsection.3.13}{\376\377\000O\000S\000\040\000D\000e\000t\000e\000c\000t\000i\000o\000n}{section.3}% 28
\BOOKMARK [3][-]{subsubsection.3.13.1}{\376\377\000S\000y\000n\000t\000a\000x}{subsection.3.13}% 29
\BOOKMARK [2][-]{subsection.3.14}{\376\377\000S\000y\000n\000\040\000S\000c\000a\000n\000\040\000f\000o\000r\000\040\000s\000p\000e\000c\000i\000f\000i\000c\000\040\000p\000o\000r\000t\000s\000\040\000w\000i\000t\000h\000\040\000p\000i\000n\000g}{section.3}% 30
\BOOKMARK [3][-]{subsubsection.3.14.1}{\376\377\000S\000y\000n\000t\000a\000x}{subsection.3.14}% 31
\BOOKMARK [2][-]{subsection.3.15}{\376\377\000S\000y\000n\000\040\000S\000c\000a\000n\000\040\000f\000o\000r\000\040\000s\000p\000e\000c\000i\000f\000i\000c\000\040\000p\000o\000r\000t\000s\000\040\000w\000i\000t\000h\000o\000u\000t\000\040\000p\000i\000n\000g}{section.3}% 32
\BOOKMARK [3][-]{subsubsection.3.15.1}{\376\377\000S\000y\000n\000t\000a\000x}{subsection.3.15}% 33
\BOOKMARK [2][-]{subsection.3.16}{\376\377\000N\000m\000a\000p\000\040\000T\000i\000m\000i\000n\000g\000\040\000T\000e\000m\000p\000l\000a\000t\000e\000s}{section.3}% 34
\BOOKMARK [3][-]{subsubsection.3.16.1}{\376\377\000S\000y\000n\000t\000a\000x}{subsection.3.16}% 35
\BOOKMARK [2][-]{subsection.3.17}{\376\377\000S\000c\000a\000n\000n\000i\000g\000\040\000V\000u\000l\000n\000e\000r\000a\000b\000i\000l\000i\000t\000i\000e\000s}{section.3}% 36
\BOOKMARK [3][-]{subsubsection.3.17.1}{\376\377\000S\000y\000n\000t\000a\000x}{subsection.3.17}% 37
\BOOKMARK [2][-]{subsection.3.18}{\376\377\000S\000w\000e\000e\000p\000i\000n\000g\000\040\000I\000P\000\040\000R\000a\000n\000g\000e\000s\000\040\000f\000o\000r\000\040\000L\000i\000v\000e\000\040\000h\000o\000s\000t\000\040\000u\000s\000i\000n\000g\000\040\000A\000R\000P\000\040\000S\000c\000a\000n}{section.3}% 38
\BOOKMARK [3][-]{subsubsection.3.18.1}{\376\377\000S\000y\000n\000t\000a\000x}{subsection.3.18}% 39
\BOOKMARK [2][-]{subsection.3.19}{\376\377\000S\000w\000e\000e\000p\000i\000n\000g\000\040\000I\000P\000\040\000R\000a\000n\000g\000e\000s\000\040\000f\000o\000r\000\040\000L\000i\000v\000e\000\040\000h\000o\000s\000t\000\040\000u\000s\000i\000n\000g\000\040\000I\000C\000M\000P\000\040\000S\000c\000a\000n}{section.3}% 40
\BOOKMARK [3][-]{subsubsection.3.19.1}{\376\377\000S\000y\000n\000t\000a\000x}{subsection.3.19}% 41
\BOOKMARK [2][-]{subsection.3.20}{\376\377\000S\000w\000e\000e\000p\000i\000n\000g\000\040\000I\000P\000\040\000R\000a\000n\000g\000e\000s\000\040\000f\000o\000r\000\040\000L\000i\000v\000e\000\040\000h\000o\000s\000t\000\040\000u\000s\000i\000n\000g\000\040\000T\000C\000P\000\040\000S\000c\000a\000n}{section.3}% 42
\BOOKMARK [3][-]{subsubsection.3.20.1}{\376\377\000S\000y\000n\000t\000a\000x}{subsection.3.20}% 43
\BOOKMARK [2][-]{subsection.3.21}{\376\377\000S\000w\000e\000e\000p\000i\000n\000g\000\040\000I\000P\000\040\000R\000a\000n\000g\000e\000s\000\040\000f\000o\000r\000\040\000L\000i\000v\000e\000\040\000h\000o\000s\000t\000\040\000u\000s\000i\000n\000g\000\040\000U\000D\000P\000\040\000S\000c\000a\000n}{section.3}% 44
\BOOKMARK [3][-]{subsubsection.3.21.1}{\376\377\000S\000y\000n\000t\000a\000x}{subsection.3.21}% 45
\BOOKMARK [1][-]{section*.63}{\376\377\000R\000e\000f\000e\000r\000e\000n\000c\000e\000s}{}% 46
