\BOOKMARK [1][-]{section.1}{Aim}{}% 1
\BOOKMARK [1][-]{section.2}{Objective}{}% 2
\BOOKMARK [1][-]{section.3}{Theory}{}% 3
\BOOKMARK [2][-]{subsection.3.1}{Malware}{section.3}% 4
\BOOKMARK [2][-]{subsection.3.2}{Types of Malware}{section.3}% 5
\BOOKMARK [2][-]{subsection.3.3}{Malware Analysis}{section.3}% 6
\BOOKMARK [2][-]{subsection.3.4}{Static Analysis}{section.3}% 7
\BOOKMARK [2][-]{subsection.3.5}{Dynamic Analysis}{section.3}% 8
\BOOKMARK [1][-]{section.4}{Implementation}{}% 9
\BOOKMARK [2][-]{subsection.4.1}{Test Case 1: T1078.001 - Valid Accounts: Default Accounts}{section.4}% 10
\BOOKMARK [3][-]{subsubsection.4.1.1}{Description}{subsection.4.1}% 11
\BOOKMARK [3][-]{subsubsection.4.1.2}{Output}{subsection.4.1}% 12
\BOOKMARK [3][-]{subsubsection.4.1.3}{Result}{subsection.4.1}% 13
\BOOKMARK [3][-]{subsubsection.4.1.4}{Mitigation}{subsection.4.1}% 14
\BOOKMARK [2][-]{subsection.4.2}{Test Case 2: T1036.003 - Masquerading: Rename System Utilities}{section.4}% 15
\BOOKMARK [3][-]{subsubsection.4.2.1}{Description}{subsection.4.2}% 16
\BOOKMARK [3][-]{subsubsection.4.2.2}{Output}{subsection.4.2}% 17
\BOOKMARK [3][-]{subsubsection.4.2.3}{Result}{subsection.4.2}% 18
\BOOKMARK [3][-]{subsubsection.4.2.4}{Reason}{subsection.4.2}% 19
\BOOKMARK [2][-]{subsection.4.3}{Test Case 3: T1036.007 - Masquerading: Double File Extensions}{section.4}% 20
\BOOKMARK [3][-]{subsubsection.4.3.1}{Description}{subsection.4.3}% 21
\BOOKMARK [3][-]{subsubsection.4.3.2}{Output}{subsection.4.3}% 22
\BOOKMARK [3][-]{subsubsection.4.3.3}{Result}{subsection.4.3}% 23
\BOOKMARK [3][-]{subsubsection.4.3.4}{Mitigation}{subsection.4.3}% 24
\BOOKMARK [2][-]{subsection.4.4}{Test Case 4: T1222.001 File and Directory Permissions Modification: Windows File and Directory Permissions Modification}{section.4}% 25
\BOOKMARK [3][-]{subsubsection.4.4.1}{Description}{subsection.4.4}% 26
\BOOKMARK [3][-]{subsubsection.4.4.2}{Output}{subsection.4.4}% 27
\BOOKMARK [3][-]{subsubsection.4.4.3}{Result}{subsection.4.4}% 28
\BOOKMARK [3][-]{subsubsection.4.4.4}{Mitigation}{subsection.4.4}% 29
\BOOKMARK [2][-]{subsection.4.5}{Test Case 5: T1548.002 Abuse Elevation Control Mechanism: Bypass User Account Control}{section.4}% 30
\BOOKMARK [3][-]{subsubsection.4.5.1}{Description}{subsection.4.5}% 31
\BOOKMARK [3][-]{subsubsection.4.5.2}{Output}{subsection.4.5}% 32
\BOOKMARK [3][-]{subsubsection.4.5.3}{Result}{subsection.4.5}% 33
\BOOKMARK [3][-]{subsubsection.4.5.4}{Mitigation}{subsection.4.5}% 34
\BOOKMARK [2][-]{subsection.4.6}{Test Case 6: T1564 \205 Hide Artifacts: To Create a Hidden User Called ``\044''}{section.4}% 35
\BOOKMARK [3][-]{subsubsection.4.6.1}{Description}{subsection.4.6}% 36
\BOOKMARK [3][-]{subsubsection.4.6.2}{Output}{subsection.4.6}% 37
\BOOKMARK [3][-]{subsubsection.4.6.3}{Result}{subsection.4.6}% 38
\BOOKMARK [3][-]{subsubsection.4.6.4}{Mitigation}{subsection.4.6}% 39
\BOOKMARK [2][-]{subsection.4.7}{Test Case 7: T1070.003 - Indicator Removal on Host: Clear Command History}{section.4}% 40
\BOOKMARK [3][-]{subsubsection.4.7.1}{Description}{subsection.4.7}% 41
\BOOKMARK [3][-]{subsubsection.4.7.2}{Result}{subsection.4.7}% 42
\BOOKMARK [3][-]{subsubsection.4.7.3}{Mitigation}{subsection.4.7}% 43
\BOOKMARK [2][-]{subsection.4.8}{Test Case 7-2 : T1070.003 - Indicator Removal on Host: Clear Command History}{section.4}% 44
\BOOKMARK [3][-]{subsubsection.4.8.1}{Description}{subsection.4.8}% 45
\BOOKMARK [3][-]{subsubsection.4.8.2}{Result}{subsection.4.8}% 46
\BOOKMARK [3][-]{subsubsection.4.8.3}{Mitigation}{subsection.4.8}% 47
\BOOKMARK [2][-]{subsection.4.9}{Test Case 8: T1562.002 - Impair Defenses: Disable Windows Event Logging}{section.4}% 48
\BOOKMARK [3][-]{subsubsection.4.9.1}{Description}{subsection.4.9}% 49
\BOOKMARK [3][-]{subsubsection.4.9.2}{Result}{subsection.4.9}% 50
\BOOKMARK [3][-]{subsubsection.4.9.3}{Mitigation}{subsection.4.9}% 51
\BOOKMARK [1][-]{section.5}{Conclusion}{}% 52
\BOOKMARK [1][-]{section*.2}{References}{}% 53
