\BOOKMARK [1][-]{section.1}{\376\377\000A\000i\000m}{}% 1
\BOOKMARK [1][-]{section.2}{\376\377\000O\000b\000j\000e\000c\000t\000i\000v\000e}{}% 2
\BOOKMARK [1][-]{section.3}{\376\377\000T\000h\000e\000o\000r\000y}{}% 3
\BOOKMARK [2][-]{subsection.3.1}{\376\377\000M\000a\000l\000w\000a\000r\000e}{section.3}% 4
\BOOKMARK [2][-]{subsection.3.2}{\376\377\000T\000y\000p\000e\000s\000\040\000o\000f\000\040\000M\000a\000l\000w\000a\000r\000e}{section.3}% 5
\BOOKMARK [2][-]{subsection.3.3}{\376\377\000M\000a\000l\000w\000a\000r\000e\000\040\000A\000n\000a\000l\000y\000s\000i\000s}{section.3}% 6
\BOOKMARK [2][-]{subsection.3.4}{\376\377\000S\000t\000a\000t\000i\000c\000\040\000A\000n\000a\000l\000y\000s\000i\000s}{section.3}% 7
\BOOKMARK [2][-]{subsection.3.5}{\376\377\000D\000y\000n\000a\000m\000i\000c\000\040\000A\000n\000a\000l\000y\000s\000i\000s}{section.3}% 8
\BOOKMARK [1][-]{section.4}{\376\377\000I\000m\000p\000l\000e\000m\000e\000n\000t\000a\000t\000i\000o\000n}{}% 9
\BOOKMARK [2][-]{subsection.4.1}{\376\377\000T\000e\000s\000t\000\040\000C\000a\000s\000e\000\040\0001\000:\000\040\000T\0001\0000\0007\0008\000.\0000\0000\0001\000\040\000-\000\040\000V\000a\000l\000i\000d\000\040\000A\000c\000c\000o\000u\000n\000t\000s\000:\000\040\000D\000e\000f\000a\000u\000l\000t\000\040\000A\000c\000c\000o\000u\000n\000t\000s}{section.4}% 10
\BOOKMARK [3][-]{subsubsection.4.1.1}{\376\377\000D\000e\000s\000c\000r\000i\000p\000t\000i\000o\000n}{subsection.4.1}% 11
\BOOKMARK [3][-]{subsubsection.4.1.2}{\376\377\000O\000u\000t\000p\000u\000t}{subsection.4.1}% 12
\BOOKMARK [3][-]{subsubsection.4.1.3}{\376\377\000R\000e\000s\000u\000l\000t}{subsection.4.1}% 13
\BOOKMARK [3][-]{subsubsection.4.1.4}{\376\377\000M\000i\000t\000i\000g\000a\000t\000i\000o\000n}{subsection.4.1}% 14
\BOOKMARK [2][-]{subsection.4.2}{\376\377\000T\000e\000s\000t\000\040\000C\000a\000s\000e\000\040\0002\000:\000\040\000T\0001\0000\0003\0006\000.\0000\0000\0003\000\040\000-\000\040\000M\000a\000s\000q\000u\000e\000r\000a\000d\000i\000n\000g\000:\000\040\000R\000e\000n\000a\000m\000e\000\040\000S\000y\000s\000t\000e\000m\000\040\000U\000t\000i\000l\000i\000t\000i\000e\000s}{section.4}% 15
\BOOKMARK [3][-]{subsubsection.4.2.1}{\376\377\000D\000e\000s\000c\000r\000i\000p\000t\000i\000o\000n}{subsection.4.2}% 16
\BOOKMARK [3][-]{subsubsection.4.2.2}{\376\377\000O\000u\000t\000p\000u\000t}{subsection.4.2}% 17
\BOOKMARK [3][-]{subsubsection.4.2.3}{\376\377\000R\000e\000s\000u\000l\000t}{subsection.4.2}% 18
\BOOKMARK [3][-]{subsubsection.4.2.4}{\376\377\000R\000e\000a\000s\000o\000n}{subsection.4.2}% 19
\BOOKMARK [2][-]{subsection.4.3}{\376\377\000T\000e\000s\000t\000\040\000C\000a\000s\000e\000\040\0003\000:\000\040\000T\0001\0000\0003\0006\000.\0000\0000\0007\000\040\000-\000\040\000M\000a\000s\000q\000u\000e\000r\000a\000d\000i\000n\000g\000:\000\040\000D\000o\000u\000b\000l\000e\000\040\000F\000i\000l\000e\000\040\000E\000x\000t\000e\000n\000s\000i\000o\000n\000s}{section.4}% 20
\BOOKMARK [3][-]{subsubsection.4.3.1}{\376\377\000D\000e\000s\000c\000r\000i\000p\000t\000i\000o\000n}{subsection.4.3}% 21
\BOOKMARK [3][-]{subsubsection.4.3.2}{\376\377\000O\000u\000t\000p\000u\000t}{subsection.4.3}% 22
\BOOKMARK [3][-]{subsubsection.4.3.3}{\376\377\000R\000e\000s\000u\000l\000t}{subsection.4.3}% 23
\BOOKMARK [3][-]{subsubsection.4.3.4}{\376\377\000M\000i\000t\000i\000g\000a\000t\000i\000o\000n}{subsection.4.3}% 24
\BOOKMARK [2][-]{subsection.4.4}{\376\377\000T\000e\000s\000t\000\040\000C\000a\000s\000e\000\040\0004\000:\000\040\000T\0001\0002\0002\0002\000.\0000\0000\0001\000\040\000F\000i\000l\000e\000\040\000a\000n\000d\000\040\000D\000i\000r\000e\000c\000t\000o\000r\000y\000\040\000P\000e\000r\000m\000i\000s\000s\000i\000o\000n\000s\000\040\000M\000o\000d\000i\000f\000i\000c\000a\000t\000i\000o\000n\000:\000\040\000W\000i\000n\000d\000o\000w\000s\000\040\000F\000i\000l\000e\000\040\000a\000n\000d\000\040\000D\000i\000r\000e\000c\000t\000o\000r\000y\000\040\000P\000e\000r\000m\000i\000s\000s\000i\000o\000n\000s\000\040\000M\000o\000d\000i\000f\000i\000c\000a\000t\000i\000o\000n}{section.4}% 25
\BOOKMARK [3][-]{subsubsection.4.4.1}{\376\377\000D\000e\000s\000c\000r\000i\000p\000t\000i\000o\000n}{subsection.4.4}% 26
\BOOKMARK [3][-]{subsubsection.4.4.2}{\376\377\000O\000u\000t\000p\000u\000t}{subsection.4.4}% 27
\BOOKMARK [3][-]{subsubsection.4.4.3}{\376\377\000R\000e\000s\000u\000l\000t}{subsection.4.4}% 28
\BOOKMARK [3][-]{subsubsection.4.4.4}{\376\377\000M\000i\000t\000i\000g\000a\000t\000i\000o\000n}{subsection.4.4}% 29
\BOOKMARK [2][-]{subsection.4.5}{\376\377\000T\000e\000s\000t\000\040\000C\000a\000s\000e\000\040\0005\000:\000\040\000T\0001\0005\0004\0008\000.\0000\0000\0002\000\040\000A\000b\000u\000s\000e\000\040\000E\000l\000e\000v\000a\000t\000i\000o\000n\000\040\000C\000o\000n\000t\000r\000o\000l\000\040\000M\000e\000c\000h\000a\000n\000i\000s\000m\000:\000\040\000B\000y\000p\000a\000s\000s\000\040\000U\000s\000e\000r\000\040\000A\000c\000c\000o\000u\000n\000t\000\040\000C\000o\000n\000t\000r\000o\000l}{section.4}% 30
\BOOKMARK [3][-]{subsubsection.4.5.1}{\376\377\000D\000e\000s\000c\000r\000i\000p\000t\000i\000o\000n}{subsection.4.5}% 31
\BOOKMARK [3][-]{subsubsection.4.5.2}{\376\377\000O\000u\000t\000p\000u\000t}{subsection.4.5}% 32
\BOOKMARK [3][-]{subsubsection.4.5.3}{\376\377\000R\000e\000s\000u\000l\000t}{subsection.4.5}% 33
\BOOKMARK [3][-]{subsubsection.4.5.4}{\376\377\000M\000i\000t\000i\000g\000a\000t\000i\000o\000n}{subsection.4.5}% 34
\BOOKMARK [2][-]{subsection.4.6}{\376\377\000T\000e\000s\000t\000\040\000C\000a\000s\000e\000\040\0006\000:\000\040\000T\0001\0005\0006\0004\000\040\040\023\000\040\000H\000i\000d\000e\000\040\000A\000r\000t\000i\000f\000a\000c\000t\000s\000:\000\040\000T\000o\000\040\000C\000r\000e\000a\000t\000e\000\040\000a\000\040\000H\000i\000d\000d\000e\000n\000\040\000U\000s\000e\000r\000\040\000C\000a\000l\000l\000e\000d\000\040\000`\000`\000\044\000'\000'}{section.4}% 35
\BOOKMARK [3][-]{subsubsection.4.6.1}{\376\377\000D\000e\000s\000c\000r\000i\000p\000t\000i\000o\000n}{subsection.4.6}% 36
\BOOKMARK [3][-]{subsubsection.4.6.2}{\376\377\000O\000u\000t\000p\000u\000t}{subsection.4.6}% 37
\BOOKMARK [3][-]{subsubsection.4.6.3}{\376\377\000R\000e\000s\000u\000l\000t}{subsection.4.6}% 38
\BOOKMARK [3][-]{subsubsection.4.6.4}{\376\377\000M\000i\000t\000i\000g\000a\000t\000i\000o\000n}{subsection.4.6}% 39
\BOOKMARK [2][-]{subsection.4.7}{\376\377\000T\000e\000s\000t\000\040\000C\000a\000s\000e\000\040\0007\000:\000\040\000T\0001\0000\0007\0000\000.\0000\0000\0003\000\040\000-\000\040\000I\000n\000d\000i\000c\000a\000t\000o\000r\000\040\000R\000e\000m\000o\000v\000a\000l\000\040\000o\000n\000\040\000H\000o\000s\000t\000:\000\040\000C\000l\000e\000a\000r\000\040\000C\000o\000m\000m\000a\000n\000d\000\040\000H\000i\000s\000t\000o\000r\000y}{section.4}% 40
\BOOKMARK [3][-]{subsubsection.4.7.1}{\376\377\000D\000e\000s\000c\000r\000i\000p\000t\000i\000o\000n}{subsection.4.7}% 41
\BOOKMARK [3][-]{subsubsection.4.7.2}{\376\377\000R\000e\000s\000u\000l\000t}{subsection.4.7}% 42
\BOOKMARK [3][-]{subsubsection.4.7.3}{\376\377\000M\000i\000t\000i\000g\000a\000t\000i\000o\000n}{subsection.4.7}% 43
\BOOKMARK [2][-]{subsection.4.8}{\376\377\000T\000e\000s\000t\000\040\000C\000a\000s\000e\000\040\0007\000-\0002\000\040\000:\000\040\000T\0001\0000\0007\0000\000.\0000\0000\0003\000\040\000-\000\040\000I\000n\000d\000i\000c\000a\000t\000o\000r\000\040\000R\000e\000m\000o\000v\000a\000l\000\040\000o\000n\000\040\000H\000o\000s\000t\000:\000\040\000C\000l\000e\000a\000r\000\040\000C\000o\000m\000m\000a\000n\000d\000\040\000H\000i\000s\000t\000o\000r\000y}{section.4}% 44
\BOOKMARK [3][-]{subsubsection.4.8.1}{\376\377\000D\000e\000s\000c\000r\000i\000p\000t\000i\000o\000n}{subsection.4.8}% 45
\BOOKMARK [3][-]{subsubsection.4.8.2}{\376\377\000R\000e\000s\000u\000l\000t}{subsection.4.8}% 46
\BOOKMARK [3][-]{subsubsection.4.8.3}{\376\377\000M\000i\000t\000i\000g\000a\000t\000i\000o\000n}{subsection.4.8}% 47
\BOOKMARK [2][-]{subsection.4.9}{\376\377\000T\000e\000s\000t\000\040\000C\000a\000s\000e\000\040\0008\000:\000\040\000T\0001\0005\0006\0002\000.\0000\0000\0002\000\040\000-\000\040\000I\000m\000p\000a\000i\000r\000\040\000D\000e\000f\000e\000n\000s\000e\000s\000:\000\040\000D\000i\000s\000a\000b\000l\000e\000\040\000W\000i\000n\000d\000o\000w\000s\000\040\000E\000v\000e\000n\000t\000\040\000L\000o\000g\000g\000i\000n\000g}{section.4}% 48
\BOOKMARK [3][-]{subsubsection.4.9.1}{\376\377\000D\000e\000s\000c\000r\000i\000p\000t\000i\000o\000n}{subsection.4.9}% 49
\BOOKMARK [3][-]{subsubsection.4.9.2}{\376\377\000R\000e\000s\000u\000l\000t}{subsection.4.9}% 50
\BOOKMARK [3][-]{subsubsection.4.9.3}{\376\377\000M\000i\000t\000i\000g\000a\000t\000i\000o\000n}{subsection.4.9}% 51
\BOOKMARK [1][-]{section.5}{\376\377\000C\000o\000n\000c\000l\000u\000s\000i\000o\000n}{}% 52
