INFO:  latexindent.pl version 3.23.9, 2024-04-06, a script to indent .tex files
       latexindent.pl lives here: C:/Users/Krishnaraj/AppData/Local/Programs/MiKTeX/scripts/latexindent/
       Fri Aug 30 20:28:14 2024
       Filename: p:/Classes/University/Fourth Year/First Semester/Principles of Green Technology/Assignment 1/__latexindent_temp_Assignment 1.tex
INFO:  Processing switches:
       -y|--yaml: YAML settings specified via command line
       -c|--cruft: cruft directory
INFO:  Directory for backup files and p:/Classes/University/Fourth Year/First Semester/Principles of Green Technology/Assignment 1//indent.log:
       p:/Classes/University/Fourth Year/First Semester/Principles of Green Technology/Assignment 1/
INFO:  Perl modules are being loaded from the following directories:
       C:/Strawberry/perl/lib/FindBin.pm
       C:/Strawberry/perl/vendor/lib/YAML/Tiny.pm
       C:/Strawberry/perl/lib/File/Copy.pm
       C:/Strawberry/perl/lib/File/Basename.pm
       C:/Strawberry/perl/lib/Getopt/Long.pm
       C:/Strawberry/perl/vendor/lib/File/HomeDir.pm
INFO:  LatexIndent perl modules are being loaded from, for example:
       C:/Users/Krishnaraj/AppData/Local/Programs/MiKTeX/scripts/latexindent/LatexIndent/Document.pm
INFO:  YAML settings read: defaultSettings.yaml
       Reading defaultSettings.yaml from C:/Users/Krishnaraj/AppData/Local/Programs/MiKTeX/scripts/latexindent/defaultSettings.yaml
INFO:  YAML reading settings
       Home directory is C:\Users\Krishnaraj
       latexindent.pl didn't find indentconfig.yaml or .indentconfig.yaml
       see all possible locations: https://latexindentpl.readthedocs.io/en/latest/sec-appendices.html#indentconfig-options)
INFO:  YAML settings read: -y switch
       YAML setting: defaultIndent:'\t'
       single-quoted string found in -y switch: '\t', substitute to 	
       Updating mainSettings with defaultIndent: 	
FATAL I couldn't find p:/Classes/University/Fourth Year/First Semester/Principles of Green Technology/Assignment 1/__latexindent_temp_Assignment 1.tex, are you sure it exists?
      Exiting, no indentation done.
       --------------
INFO:  Please direct all communication/issues to:
        https://github.com/cmhughes/latexindent.pl
